ESP-ROM:esp32s3-20210327
Build:Mar 27 2021
rst:0x1 (POWERON),boot:0x8 (SPI_FAST_FLASH_BOOT)
SPIWP:0xee
mode:DIO, clock div:1
load:0x3fce3808,len:0x4bc
load:0x403c9700,len:0xbd8
load:0x403cc700,len:0x2a0c
entry 0x403c98d0
PM2.5: 160.84 | PM10: 210.20
Waiting for connection...
PM2.5: 272.57 | PM10: 39.52
PM2.5: 84.20 | PM10: 60.75
PM2.5: 89.95 | PM10: 46.19
PM2.5: 220.42 | PM10: 204.07
PM2.5: 168.80 | PM10: 296.53
PM2.5: 48.14 | PM10: 287.27
PM2.5: 166.85 | PM10: 198.06
PM2.5: 49.96 | PM10: 122.65
PM2.5: 6.56 | PM10: 11.36
PM2.5: 170.01 | PM10: 90.64
PM2.5: 41.66 | PM10: 112.36
PM2.5: 25.98 | PM10: 145.62
PM2.5: 67.36 | PM10: 80.42
PM2.5: 61.20 | PM10: 233.98
PM2.5: 136.53 | PM10: 237.37
BLE Notify: 123.33#139.97
Device connected
Initial Notify on Connect: 123.33#139.97
PM2.5: 46.98 | PM10: 61.92
PM2.5: 71.80 | PM10: 287.44
PM2.5: 31.25 | PM10: 86.18
PM2.5: 143.65 | PM10: 199.66
PM2.5: 198.27 | PM10: 111.96
PM2.5: 100.69 | PM10: 206.94
PM2.5: 194.52 | PM10: 49.56
PM2.5: 204.15 | PM10: 189.39
BLE Notify: 106.86#157.54
PM2.5: 184.03 | PM10: 124.68
PM2.5: 252.88 | PM10: 274.23
PM2.5: 29.45 | PM10: 25.08
PM2.5: 40.51 | PM10: 41.61
PM2.5: 299.90 | PM10: 49.01
PM2.5: 76.92 | PM10: 59.09
PM2.5: 204.59 | PM10: 191.43
PM2.5: 173.26 | PM10: 152.63
