ESP-ROM:esp32s3-20210327
Build:Mar 27 2021
rst:0x1 (POWERON),boot:0x8 (SPI_FAST_FLASH_BOOT)
SPIWP:0xee
mode:DIO, clock div:1
load:0x3fce3808,len:0x4bc
load:0x403c9700,len:0xbd8
load:0x403cc700,len:0x2a0c
entry 0x403c98d0
PM2.5: 155.06 | PM10: 113.41
Waiting for connection...
PM2.5: 175.74 | PM10: 130.29
PM2.5: 44.26 | PM10: 64.78
PM2.5: 165.92 | PM10: 124.95
BLE Notify: 1.59#141.36
Device connected
Initial Notify on Connect: 1.59#141.36
PM2.5: 293.49 | PM10: 1.69
PM2.5: 124.99 | PM10: 20.81
PM2.5: 98.63 | PM10: 39.82
PM2.5: 62.03 | PM10: 298.94
PM2.5: 122.82 | PM10: 94.14
PM2.5: 28.36 | PM10: 52.80
PM2.5: 259.60 | PM10: 173.94
PM2.5: 287.59 | PM10: 251.89
BLE Notify: 151.54#113.96
PM2.5: 121.81 | PM10: 110.11
PM2.5: 134.61 | PM10: 273.88
PM2.5: 190.51 | PM10: 220.89
PM2.5: 207.65 | PM10: 257.83
PM2.5: 99.27 | PM10: 278.97
PM2.5: 250.34 | PM10: 96.79
PM2.5: 207.23 | PM10: 61.44
PM2.5: 255.33 | PM10: 290.07
PM2.5: 76.08 | PM10: 171.97
PM2.5: 167.64 | PM10: 51.96
PM2.5: 248.90 | PM10: 64.30
PM2.5: 270.41 | PM10: 187.91
BLE Notify: 185.81#172.18
PM2.5: 75.39 | PM10: 116.55
PM2.5: 10.58 | PM10: 0.45
PM2.5: 213.65 | PM10: 298.15
PM2.5: 282.34 | PM10: 71.96
PM2.5: 134.38 | PM10: 211.47
PM2.5: 152.32 | PM10: 174.15
PM2.5: 168.28 | PM10: 143.93
