ESP-ROM:esp32s3-20210327
Build:Mar 27 2021
rst:0x1 (POWERON),boot:0x8 (SPI_FAST_FLASH_BOOT)
SPIWP:0xee
mode:DIO, clock div:1
load:0x3fce3808,len:0x4bc
load:0x403c9700,len:0xbd8
load:0x403cc700,len:0x2a0c
entry 0x403c98d0
PM2.5: 80.62 | PM10: 71.94
Waiting for connection...
BLE Notify: 0.00#0.00
Device connected
PM2.5: 100.96 | PM10: 76.83
PM2.5: 212.77 | PM10: 220.01
PM2.5: 151.23 | PM10: 118.67
PM2.5: 175.05 | PM10: 199.09
PM2.5: 133.10 | PM10: 163.36
PM2.5: 114.19 | PM10: 21.34
PM2.5: 111.26 | PM10: 186.60
PM2.5: 91.91 | PM10: 95.88
PM2.5: 110.33 | PM10: 243.35
PM2.5: 178.20 | PM10: 105.14
PM2.5: 134.51 | PM10: 191.41
BLE Notify: 132.84#141.14
PM2.5: 93.03 | PM10: 70.75
PM2.5: 117.65 | PM10: 148.47
PM2.5: 299.42 | PM10: 275.52
PM2.5: 72.30 | PM10: 159.54
PM2.5: 112.16 | PM10: 103.39
PM2.5: 237.96 | PM10: 215.43
PM2.5: 141.52 | PM10: 293.96
PM2.5: 45.01 | PM10: 158.56
PM2.5: 255.40 | PM10: 219.51
PM2.5: 50.37 | PM10: 275.53
PM2.5: 161.62 | PM10: 26.69
PM2.5: 63.29 | PM10: 218.93
BLE Notify: 137.48#180.52
PM2.5: 131.26 | PM10: 276.79
PM2.5: 10.19 | PM10: 44.20
PM2.5: 298.76 | PM10: 262.41
PM2.5: 280.94 | PM10: 281.54
PM2.5: 270.18 | PM10: 247.90
PM2.5: 213.22 | PM10: 156.86
PM2.5: 192.43 | PM10: 31.91
PM2.5: 192.93 | PM10: 75.14
PM2.5: 87.77 | PM10: 134.25
PM2.5: 167.55 | PM10: 41.42
PM2.5: 14.28 | PM10: 299.20
PM2.5: 149.43 | PM10: 136.35
BLE Notify: 167.41#165.66
PM2.5: 48.87 | PM10: 233.26
PM2.5: 37.02 | PM10: 132.88
PM2.5: 48.15 | PM10: 38.16
PM2.5: 108.41 | PM10: 251.07
PM2.5: 163.11 | PM10: 119.40
PM2.5: 96.78 | PM10: 147.71
PM2.5: 109.91 | PM10: 105.06
PM2.5: 80.28 | PM10: 235.11
PM2.5: 106.95 | PM10: 174.31
PM2.5: 132.41 | PM10: 19.87
PM2.5: 168.58 | PM10: 180.52
PM2.5: 125.19 | PM10: 0.36
BLE Notify: 102.14#136.48
PM2.5: 203.95 | PM10: 266.23
PM2.5: 39.40 | PM10: 291.44
PM2.5: 280.53 | PM10: 204.48
PM2.5: 241.37 | PM10: 54.54
PM2.5: 20.97 | PM10: 31.73
PM2.5: 249.99 | PM10: 24.14
PM2.5: 69.23 | PM10: 186.80
PM2.5: 96.86 | PM10: 111.57
PM2.5: 107.16 | PM10: 105.28
PM2.5: 163.27 | PM10: 30.61
PM2.5: 147.62 | PM10: 37.88
PM2.5: 16.40 | PM10: 89.80
BLE Notify: 136.40#119.54
PM2.5: 192.80 | PM10: 211.03
PM2.5: 5.21 | PM10: 183.68
PM2.5: 270.89 | PM10: 78.16
PM2.5: 229.44 | PM10: 265.15
PM2.5: 238.53 | PM10: 203.06
PM2.5: 250.56 | PM10: 186.69
PM2.5: 193.28 | PM10: 26.98
PM2.5: 147.94 | PM10: 10.48
PM2.5: 82.59 | PM10: 214.51
PM2.5: 69.81 | PM10: 277.76
PM2.5: 58.65 | PM10: 71.93
PM2.5: 254.11 | PM10: 126.87
BLE Notify: 166.15#154.69
