ESP-ROM:esp32s3-20210327
Build:Mar 27 2021
rst:0x1 (POWERON),boot:0x8 (SPI_FAST_FLASH_BOOT)
SPIWP:0xee
mode:DIO, clock div:1
load:0x3fce3808,len:0x4bc
load:0x403c9700,len:0xbd8
load:0x403cc700,len:0x2a0c
entry 0x403c98d0
PM2.5: 284.47 | PM10: 37.99
Waiting for connection...
BLE Notify: 145.00#154.59
Device connected
Initial Notify on Connect: 145.00#154.59
PM2.5: 225.80 | PM10: 296.63
PM2.5: 109.95 | PM10: 299.13
PM2.5: 292.51 | PM10: 293.98
PM2.5: 160.84 | PM10: 239.23
PM2.5: 16.12 | PM10: 230.07
PM2.5: 0.88 | PM10: 108.65
PM2.5: 205.66 | PM10: 170.48
PM2.5: 45.14 | PM10: 82.53
PM2.5: 84.22 | PM10: 52.31
PM2.5: 27.43 | PM10: 244.50
PM2.5: 22.42 | PM10: 255.60
BLE Notify: 122.95#192.59
PM2.5: 131.21 | PM10: 284.16
PM2.5: 188.59 | PM10: 250.67
PM2.5: 101.01 | PM10: 256.16
PM2.5: 276.84 | PM10: 72.94
PM2.5: 283.91 | PM10: 262.54
PM2.5: 216.95 | PM10: 230.58
PM2.5: 163.13 | PM10: 136.79
PM2.5: 238.32 | PM10: 90.03
PM2.5: 101.48 | PM10: 285.29
PM2.5: 68.30 | PM10: 210.25
PM2.5: 29.02 | PM10: 249.58
PM2.5: 259.57 | PM10: 35.49
BLE Notify: 171.53#197.04
PM2.5: 85.22 | PM10: 41.92
PM2.5: 79.40 | PM10: 245.67
PM2.5: 62.54 | PM10: 141.93
PM2.5: 279.56 | PM10: 98.10
PM2.5: 87.65 | PM10: 273.45
PM2.5: 199.89 | PM10: 133.93
PM2.5: 272.10 | PM10: 194.54
PM2.5: 86.56 | PM10: 242.22
PM2.5: 30.46 | PM10: 252.84
PM2.5: 46.00 | PM10: 252.67
PM2.5: 158.22 | PM10: 67.18
PM2.5: 201.72 | PM10: 182.34
BLE Notify: 132.44#177.23
PM2.5: 29.89 | PM10: 61.91
