PM2.5: 56.47 | PM10: 56.47
PM2.5: 55.74 | PM10: 55.74
BLE Notify: 55.94#55.94
PM2.5: 56.10 | PM10: 56.10
PM2.5: 56.40 | PM10: 56.40
PM2.5: 56.47 | PM10: 56.47
PM2.5: 56.33 | PM10: 56.33
PM2.5: 55.66 | PM10: 55.66
Restart advertising...
PM2.5: 55.21 | PM10: 55.21
Device connected
Initial Notify on Connect: 55.08#55.08
PM2.5: 55.01 | PM10: 55.01
PM2.5: 55.37 | PM10: 55.37
PM2.5: 54.96 | PM10: 54.96
PM2.5: 54.42 | PM10: 54.42
PM2.5: 54.70 | PM10: 54.70
PM2.5: 54.82 | PM10: 54.82
BLE Notify: 55.45#55.45
PM2.5: 54.79 | PM10: 54.79
PM2.5: 54.77 | PM10: 54.77
PM2.5: 55.32 | PM10: 55.32
PM2.5: 55.53 | PM10: 55.53
PM2.5: 56.82 | PM10: 56.82
PM2.5: 56.68 | PM10: 56.68
PM2.5: 55.95 | PM10: 55.95
PM2.5: 55.90 | PM10: 55.90
PM2.5: 56.26 | PM10: 56.26
PM2.5: 56.49 | PM10: 56.49
PM2.5: 55.65 | PM10: 55.65
PM2.5: 54.93 | PM10: 54.93
BLE Notify: 55.76#55.76
PM2.5: 54.31 | PM10: 54.31
PM2.5: 53.71 | PM10: 53.72
PM2.5: 53.84 | PM10: 53.84
PM2.5: 54.30 | PM10: 54.30
PM2.5: 54.54 | PM10: 54.54
PM2.5: 54.19 | PM10: 54.19
PM2.5: 54.82 | PM10: 54.82
PM2.5: 54.96 | PM10: 54.96
PM2.5: 54.68 | PM10: 54.68
