ESP-ROM:esp32s3-20210327
Build:Mar 27 2021
rst:0x1 (POWERON),boot:0x8 (SPI_FAST_FLASH_BOOT)
SPIWP:0xee
mode:DIO, clock div:1
load:0x3fce3808,len:0x4bc
load:0x403c9700,len:0xbd8
load:0x403cc700,len:0x2a0c
entry 0x403c98d0
SPS sensor ready
PM2.5: 66.16 | PM10: 66.16
Waiting for connection...
PM2.5: 66.39 | PM10: 66.39
PM2.5: 67.83 | PM10: 67.83
PM2.5: 69.12 | PM10: 69.12
PM2.5: 69.72 | PM10: 69.72
PM2.5: 69.52 | PM10: 69.52
PM2.5: 69.45 | PM10: 69.45
PM2.5: 68.92 | PM10: 68.92
PM2.5: 69.31 | PM10: 69.31
PM2.5: 70.60 | PM10: 70.60
PM2.5: 71.18 | PM10: 71.18
PM2.5: 72.01 | PM10: 72.01
PM2.5: 71.93 | PM10: 71.93
PM2.5: 70.66 | PM10: 70.66
PM2.5: 70.84 | PM10: 70.84
BLE Notify: 69.18#69.18
Device connected
Initial Notify on Connect: 71.15#71.15
PM2.5: 71.38 | PM10: 71.38
PM2.5: 71.25 | PM10: 71.25
PM2.5: 70.14 | PM10: 70.14
PM2.5: 70.14 | PM10: 70.14
PM2.5: 68.95 | PM10: 68.95
PM2.5: 68.33 | PM10: 68.33
PM2.5: 68.34 | PM10: 68.34
PM2.5: 69.42 | PM10: 69.42
PM2.5: 69.83 | PM10: 69.83
BLE Notify: 70.10#70.10
PM2.5: 70.19 | PM10: 70.19
PM2.5: 69.83 | PM10: 69.83
PM2.5: 69.47 | PM10: 69.47
PM2.5: 68.49 | PM10: 68.49
PM2.5: 67.84 | PM10: 67.84
PM2.5: 67.49 | PM10: 67.49
PM2.5: 67.90 | PM10: 67.90
PM2.5: 68.33 | PM10: 68.33
PM2.5: 68.55 | PM10: 68.55
PM2.5: 68.12 | PM10: 68.12
PM2.5: 69.12 | PM10: 69.12
PM2.5: 70.09 | PM10: 70.09
BLE Notify: 68.78#68.78
PM2.5: 70.68 | PM10: 70.68
PM2.5: 71.00 | PM10: 71.00
PM2.5: 70.79 | PM10: 70.79
PM2.5: 69.33 | PM10: 69.33
PM2.5: 68.64 | PM10: 68.64
PM2.5: 68.74 | PM10: 68.74
PM2.5: 68.77 | PM10: 68.77
PM2.5: 68.88 | PM10: 68.88
PM2.5: 68.91 | PM10: 68.91
PM2.5: 69.50 | PM10: 69.50
PM2.5: 69.66 | PM10: 69.66
PM2.5: 69.77 | PM10: 69.77
BLE Notify: 69.56#69.56
PM2.5: 69.59 | PM10: 69.59
PM2.5: 69.18 | PM10: 69.18
PM2.5: 68.14 | PM10: 68.14
PM2.5: 67.86 | PM10: 67.86
PM2.5: 68.71 | PM10: 68.71
PM2.5: 69.41 | PM10: 69.41
PM2.5: 69.56 | PM10: 69.56
PM2.5: 70.10 | PM10: 70.10
PM2.5: 71.46 | PM10: 71.46
PM2.5: 71.20 | PM10: 71.20
PM2.5: 70.93 | PM10: 70.93
PM2.5: 70.02 | PM10: 70.02
BLE Notify: 69.68#69.68
PM2.5: 69.17 | PM10: 69.17
PM2.5: 69.25 | PM10: 69.25
PM2.5: 69.76 | PM10: 69.76
PM2.5: 69.71 | PM10: 69.71
PM2.5: 69.43 | PM10: 69.43
PM2.5: 69.03 | PM10: 69.03
PM2.5: 69.38 | PM10: 69.38
PM2.5: 68.94 | PM10: 68.94
PM2.5: 69.55 | PM10: 69.55
PM2.5: 69.93 | PM10: 69.93
PM2.5: 70.65 | PM10: 70.65
PM2.5: 71.18 | PM10: 71.18
BLE Notify: 69.66#69.66
