ESP-ROM:esp32s3-20210327
Build:Mar 27 2021
rst:0x1 (POWERON),boot:0x8 (SPI_FAST_FLASH_BOOT)
SPIWP:0xee
mode:DIO, clock div:1
load:0x3fce3808,len:0x4bc
load:0x403c9700,len:0xbd8
load:0x403cc700,len:0x2a0c
entry 0x403c98d0
SPS sensor ready
PM2.5: 48.15 | PM10: 48.15
Waiting for connection...
PM2.5: 47.98 | PM10: 47.98
Device connected, sent 0#0
PM2.5: 48.04 | PM10: 48.04
PM2.5: 47.78 | PM10: 47.78
PM2.5: 47.96 | PM10: 47.96
PM2.5: 48.07 | PM10: 48.07
PM2.5: 48.19 | PM10: 48.19
PM2.5: 49.27 | PM10: 49.27
PM2.5: 50.49 | PM10: 50.49
PM2.5: 51.20 | PM10: 51.20
PM2.5: 51.11 | PM10: 51.11
PM2.5: 50.18 | PM10: 50.18
PM2.5: 49.17 | PM10: 49.17
BLE Notify: 49.03#49.03
PM2.5: 48.41 | PM10: 48.41
PM2.5: 48.30 | PM10: 48.30
PM2.5: 48.65 | PM10: 48.65
PM2.5: 49.21 | PM10: 49.21
PM2.5: 49.44 | PM10: 49.44
PM2.5: 49.96 | PM10: 49.96
PM2.5: 50.48 | PM10: 50.48
PM2.5: 50.95 | PM10: 50.95
PM2.5: 51.02 | PM10: 51.02
PM2.5: 52.18 | PM10: 52.33
PM2.5: 52.62 | PM10: 53.00
PM2.5: 52.81 | PM10: 53.38
Restart advertising...
PM2.5: 53.00 | PM10: 53.55
Device connected, sent 0#0
PM2.5: 52.80 | PM10: 53.04
PM2.5: 52.22 | PM10: 52.30
PM2.5: 51.65 | PM10: 51.68
PM2.5: 50.91 | PM10: 50.92
PM2.5: 50.40 | PM10: 50.40
PM2.5: 50.03 | PM10: 50.03
PM2.5: 50.13 | PM10: 50.13
PM2.5: 49.98 | PM10: 49.98
PM2.5: 49.27 | PM10: 49.27
PM2.5: 49.80 | PM10: 49.80
PM2.5: 49.91 | PM10: 49.91
BLE Notify: 51.08#51.21
PM2.5: 48.45 | PM10: 48.45
PM2.5: 47.62 | PM10: 47.62
PM2.5: 48.03 | PM10: 48.03
PM2.5: 48.37 | PM10: 48.37
PM2.5: 48.44 | PM10: 48.44
PM2.5: 48.20 | PM10: 48.20
PM2.5: 47.80 | PM10: 47.80
PM2.5: 48.17 | PM10: 48.17
PM2.5: 47.51 | PM10: 47.51
PM2.5: 47.05 | PM10: 47.05
PM2.5: 47.58 | PM10: 47.58
PM2.5: 47.70 | PM10: 47.70
BLE Notify: 48.09#48.09
PM2.5: 47.62 | PM10: 47.62
PM2.5: 47.34 | PM10: 47.34
PM2.5: 47.43 | PM10: 47.43
PM2.5: 48.38 | PM10: 48.38
PM2.5: 48.58 | PM10: 48.58
PM2.5: 48.18 | PM10: 48.18
