ESP-ROM:esp32s3-20210327
Build:Mar 27 2021
rst:0x1 (POWERON),boot:0x8 (SPI_FAST_FLASH_BOOT)
SPIWP:0xee
mode:DIO, clock div:1
load:0x3fce3808,len:0x4bc
load:0x403c9700,len:0xbd8
load:0x403cc700,len:0x2a0c
entry 0x403c98d0
PM2.5: 115.65 | PM10: 123.01
Waiting for connection...
BLE Notify: 115.75#99.94
Device connected
PM2.5: 233.98 | PM10: 122.98
PM2.5: 44.66 | PM10: 148.28
PM2.5: 36.85 | PM10: 37.15
PM2.5: 249.97 | PM10: 149.96
PM2.5: 108.07 | PM10: 29.27
PM2.5: 80.84 | PM10: 263.82
PM2.5: 250.12 | PM10: 288.41
PM2.5: 169.31 | PM10: 96.56
PM2.5: 67.96 | PM10: 187.57
PM2.5: 141.41 | PM10: 125.95
PM2.5: 282.24 | PM10: 153.61
BLE Notify: 148.42#143.88
PM2.5: 239.20 | PM10: 136.10
PM2.5: 115.81 | PM10: 157.96
PM2.5: 104.68 | PM10: 218.42
PM2.5: 176.96 | PM10: 262.54
PM2.5: 220.16 | PM10: 237.04
PM2.5: 139.64 | PM10: 65.68
PM2.5: 289.87 | PM10: 198.28
PM2.5: 84.86 | PM10: 164.10
PM2.5: 110.79 | PM10: 245.92
PM2.5: 259.91 | PM10: 160.87
PM2.5: 150.82 | PM10: 40.99
PM2.5: 171.28 | PM10: 154.60
BLE Notify: 172.00#170.21
PM2.5: 173.32 | PM10: 257.55
PM2.5: 260.34 | PM10: 1.02
PM2.5: 57.65 | PM10: 114.34
PM2.5: 237.67 | PM10: 199.33
