ESP-ROM:esp32s3-20210327
Build:Mar 27 2021
rst:0x1 (POWERON),boot:0x8 (SPI_FAST_FLASH_BOOT)
SPIWP:0xee
mode:DIO, clock div:1
load:0x3fce3808,len:0x4bc
load:0x403c9700,len:0xbd8
load:0x403cc700,len:0x2a0c
entry 0x403c98d0
PM2.5: 200.26 | PM10: 296.67
Waiting for connection...
Device connected
PM2.5: 140.86 | PM10: 115.16
PM2.5: 276.25 | PM10: 59.32
PM2.5: 268.13 | PM10: 8.62
PM2.5: 264.00 | PM10: 240.79
PM2.5: 281.33 | PM10: 220.65
PM2.5: 230.40 | PM10: 131.46
PM2.5: 130.65 | PM10: 285.25
PM2.5: 45.67 | PM10: 196.97
PM2.5: 266.07 | PM10: 130.14
PM2.5: 135.44 | PM10: 173.31
PM2.5: 211.79 | PM10: 168.36
BLE Notify: 204.24#168.89
PM2.5: 108.87 | PM10: 177.14
PM2.5: 125.57 | PM10: 9.42
PM2.5: 212.66 | PM10: 152.56
PM2.5: 279.22 | PM10: 215.86
PM2.5: 256.11 | PM10: 242.02
PM2.5: 262.39 | PM10: 117.38
PM2.5: 258.66 | PM10: 38.89
PM2.5: 152.98 | PM10: 12.26
PM2.5: 263.75 | PM10: 220.49
PM2.5: 163.38 | PM10: 90.75
PM2.5: 232.33 | PM10: 183.29
PM2.5: 197.83 | PM10: 48.79
BLE Notify: 209.48#125.74
PM2.5: 60.43 | PM10: 64.72
PM2.5: 57.84 | PM10: 209.66
PM2.5: 152.76 | PM10: 227.58
PM2.5: 29.56 | PM10: 281.76
PM2.5: 111.29 | PM10: 278.03
PM2.5: 40.03 | PM10: 105.00
PM2.5: 43.17 | PM10: 38.60
PM2.5: 55.55 | PM10: 23.74
PM2.5: 108.04 | PM10: 246.06
PM2.5: 79.31 | PM10: 26.50
PM2.5: 132.76 | PM10: 181.10
PM2.5: 51.13 | PM10: 286.04
BLE Notify: 76.82#164.07
PM2.5: 28.82 | PM10: 243.76
PM2.5: 173.88 | PM10: 191.86
PM2.5: 47.04 | PM10: 74.11
PM2.5: 167.89 | PM10: 259.55
PM2.5: 0.55 | PM10: 185.90
PM2.5: 62.62 | PM10: 269.93
PM2.5: 78.67 | PM10: 213.22
PM2.5: 199.71 | PM10: 118.19
PM2.5: 115.88 | PM10: 149.74
PM2.5: 185.28 | PM10: 244.58
PM2.5: 61.47 | PM10: 191.77
PM2.5: 212.46 | PM10: 106.51
BLE Notify: 111.19#187.43
