ESP-ROM:esp32s3-20210327
Build:Mar 27 2021
rst:0x1 (POWERON),boot:0x8 (SPI_FAST_FLASH_BOOT)
SPIWP:0xee
mode:DIO, clock div:1
load:0x3fce3808,len:0x4bc
load:0x403c9700,len:0xbd8
load:0x403cc700,len:0x2a0c
entry 0x403c98d0
SPS sensor ready
PM2.5: 64.63 | PM10: 64.63
Waiting for connection...
Device connected
Initial Notify on Connect: 65.61#65.61
PM2.5: 65.71 | PM10: 65.71
PM2.5: 65.98 | PM10: 65.98
PM2.5: 65.76 | PM10: 65.76
PM2.5: 65.54 | PM10: 65.54
PM2.5: 66.32 | PM10: 66.32
PM2.5: 66.87 | PM10: 66.87
PM2.5: 66.92 | PM10: 66.92
PM2.5: 66.84 | PM10: 66.84
PM2.5: 67.20 | PM10: 67.20
PM2.5: 66.81 | PM10: 66.81
PM2.5: 67.34 | PM10: 67.34
BLE Notify: 66.33#66.33
PM2.5: 68.00 | PM10: 68.00
PM2.5: 68.25 | PM10: 68.25
PM2.5: 67.61 | PM10: 67.61
PM2.5: 66.83 | PM10: 66.83
PM2.5: 66.60 | PM10: 66.60
PM2.5: 66.15 | PM10: 66.15
PM2.5: 66.05 | PM10: 66.05
PM2.5: 65.68 | PM10: 65.68
PM2.5: 64.72 | PM10: 64.72
PM2.5: 63.85 | PM10: 63.85
PM2.5: 64.02 | PM10: 64.02
PM2.5: 64.08 | PM10: 64.08
BLE Notify: 65.99#65.99
PM2.5: 64.11 | PM10: 64.11
PM2.5: 64.85 | PM10: 64.85
PM2.5: 64.81 | PM10: 64.81
PM2.5: 64.45 | PM10: 64.45
PM2.5: 64.30 | PM10: 64.30
PM2.5: 64.40 | PM10: 64.40
PM2.5: 63.84 | PM10: 63.84
PM2.5: 63.86 | PM10: 63.86
PM2.5: 63.68 | PM10: 63.68
PM2.5: 63.28 | PM10: 63.28
PM2.5: 62.62 | PM10: 62.62
PM2.5: 62.49 | PM10: 62.49
BLE Notify: 63.89#63.89
PM2.5: 61.94 | PM10: 61.94
PM2.5: 62.38 | PM10: 62.38
PM2.5: 62.18 | PM10: 62.18
PM2.5: 61.65 | PM10: 61.65
PM2.5: 61.17 | PM10: 61.17
PM2.5: 61.01 | PM10: 61.01
PM2.5: 61.14 | PM10: 61.14
PM2.5: 61.07 | PM10: 61.07
PM2.5: 60.99 | PM10: 60.99
PM2.5: 61.62 | PM10: 61.62
PM2.5: 61.79 | PM10: 61.79
PM2.5: 62.15 | PM10: 62.15
BLE Notify: 61.59#61.59
PM2.5: 63.07 | PM10: 63.07
PM2.5: 63.43 | PM10: 63.43
PM2.5: 63.64 | PM10: 63.64
PM2.5: 63.15 | PM10: 63.15
PM2.5: 62.54 | PM10: 62.54
PM2.5: 61.88 | PM10: 61.88
PM2.5: 61.69 | PM10: 61.69
PM2.5: 61.88 | PM10: 61.88
PM2.5: 62.11 | PM10: 62.11
PM2.5: 62.75 | PM10: 62.75
